<?xml version="1.0" encoding="UTF-8"?>
<!-- Generated by org.testng.reporters.JUnitXMLReporter -->
<testsuite ignored="3" hostname="XD-KUMARAR-CNT" failures="0" tests="1" name="Default test" time="172.884" errors="0" timestamp="2024-06-14T18:57:30 IST">
  <testcase classname="Runner_Sprint_38.Runner" name="EPICPLTFRM_1741" time="168.54"/>
  <testcase classname="Runner_Sprint_38.Runner" name="EPICPLTFRM_1735" time="0.0">
    <ignored/>
  </testcase> <!-- EPICPLTFRM_1735 -->
  <testcase classname="Runner_Sprint_38.Runner" name="EPICPLTFRM_1889" time="0.0">
    <ignored/>
  </testcase> <!-- EPICPLTFRM_1889 -->
  <testcase classname="Runner_Sprint_38.Runner" name="EPICPLTFRM_1896" time="0.0">
    <ignored/>
  </testcase> <!-- EPICPLTFRM_1896 -->
</testsuite> <!-- Default test -->
