<?xml version="1.0" encoding="UTF-8"?>
<!-- Generated by org.testng.reporters.JUnitXMLReporter -->
<testsuite ignored="0" hostname="XD-KUMARAR-CNT" failures="0" tests="4" name="Test" time="883.586" errors="0" timestamp="2024-06-14T19:57:06 IST">
  <testcase classname="Runner_Sprint_38.Runner" name="EPICPLTFRM_1735" time="282.862"/>
  <testcase classname="Runner_Sprint_38.Runner" name="EPICPLTFRM_1741" time="157.797"/>
  <testcase classname="Runner_Sprint_38.Runner" name="EPICPLTFRM_1889" time="233.95"/>
  <testcase classname="Runner_Sprint_38.Runner" name="EPICPLTFRM_1896" time="194.81"/>
</testsuite> <!-- Test -->
