<?xml version="1.0" encoding="UTF-8"?>
<testng-results ignored="3" total="4" passed="0" failed="1" skipped="0">
  <reporter-output>
  </reporter-output>
  <suite started-at="2024-09-10T12:25:23 IST" name="Default suite" finished-at="2024-09-10T12:25:34 IST" duration-ms="11387">
    <groups>
    </groups>
    <test started-at="2024-09-10T12:25:23 IST" name="Default test" finished-at="2024-09-10T12:25:34 IST" duration-ms="11387">
      <class name="Runner_Sprint_38.Runner">
        <test-method is-config="true" signature="extentReportInitialization()[pri:0, instance:Runner_Sprint_38.Runner@1ffaf86]" started-at="2024-09-10T12:25:23 IST" name="extentReportInitialization" finished-at="2024-09-10T12:25:23 IST" duration-ms="360" status="PASS">
          <reporter-output>
          </reporter-output>
        </test-method> <!-- extentReportInitialization -->
        <test-method is-config="true" signature="BrowserLaunch()[pri:0, instance:Runner_Sprint_38.Runner@1ffaf86]" started-at="2024-09-10T12:25:23 IST" name="BrowserLaunch" finished-at="2024-09-10T12:25:27 IST" duration-ms="3948" status="PASS">
          <reporter-output>
          </reporter-output>
        </test-method> <!-- BrowserLaunch -->
        <test-method signature="EPICPLTFRM_1741()[pri:0, instance:Runner_Sprint_38.Runner@1ffaf86]" started-at="2024-09-10T12:25:27 IST" name="EPICPLTFRM_1741" finished-at="2024-09-10T12:25:34 IST" duration-ms="7030" status="FAIL">
          <exception class="java.lang.NullPointerException">
            <message>
              <![CDATA[Cannot invoke "org.openqa.selenium.WebElement.click()" because "Sprint_38.EPIC_1741.ssoLogin" is null]]>
            </message>
            <full-stacktrace>
              <![CDATA[java.lang.NullPointerException: Cannot invoke "org.openqa.selenium.WebElement.click()" because "Sprint_38.EPIC_1741.ssoLogin" is null
at Sprint_38.EPIC_1741.PEGALogin(EPIC_1741.java:495)
at Runner_Sprint_38.Runner.EPICPLTFRM_1741(Runner.java:111)
at java.base/jdk.internal.reflect.NativeMethodAccessorImpl.invoke0(Native Method)
at java.base/jdk.internal.reflect.NativeMethodAccessorImpl.invoke(NativeMethodAccessorImpl.java:77)
at java.base/jdk.internal.reflect.DelegatingMethodAccessorImpl.invoke(DelegatingMethodAccessorImpl.java:43)
at java.base/java.lang.reflect.Method.invoke(Method.java:568)
at org.testng.internal.MethodInvocationHelper.invokeMethod(MethodInvocationHelper.java:133)
at org.testng.internal.TestInvoker.invokeMethod(TestInvoker.java:598)
at org.testng.internal.TestInvoker.invokeTestMethod(TestInvoker.java:173)
at org.testng.internal.MethodRunner.runInSequence(MethodRunner.java:46)
at org.testng.internal.TestInvoker$MethodInvocationAgent.invoke(TestInvoker.java:824)
at org.testng.internal.TestInvoker.invokeTestMethods(TestInvoker.java:146)
at org.testng.internal.TestMethodWorker.invokeTestMethods(TestMethodWorker.java:146)
at org.testng.internal.TestMethodWorker.run(TestMethodWorker.java:128)
at java.base/java.util.ArrayList.forEach(ArrayList.java:1511)
at org.testng.TestRunner.privateRun(TestRunner.java:794)
at org.testng.TestRunner.run(TestRunner.java:596)
at org.testng.SuiteRunner.runTest(SuiteRunner.java:377)
at org.testng.SuiteRunner.runSequentially(SuiteRunner.java:371)
at org.testng.SuiteRunner.privateRun(SuiteRunner.java:332)
at org.testng.SuiteRunner.run(SuiteRunner.java:276)
at org.testng.SuiteRunnerWorker.runSuite(SuiteRunnerWorker.java:53)
at org.testng.SuiteRunnerWorker.run(SuiteRunnerWorker.java:96)
at org.testng.TestNG.runSuitesSequentially(TestNG.java:1212)
at org.testng.TestNG.runSuitesLocally(TestNG.java:1134)
at org.testng.TestNG.runSuites(TestNG.java:1063)
at org.testng.TestNG.run(TestNG.java:1031)
at org.testng.remote.AbstractRemoteTestNG.run(AbstractRemoteTestNG.java:115)
at org.testng.remote.RemoteTestNG.initAndRun(RemoteTestNG.java:293)
at org.testng.remote.RemoteTestNG.main(RemoteTestNG.java:91)
]]>
            </full-stacktrace>
          </exception> <!-- java.lang.NullPointerException -->
          <reporter-output>
          </reporter-output>
        </test-method> <!-- EPICPLTFRM_1741 -->
      </class> <!-- Runner_Sprint_38.Runner -->
    </test> <!-- Default test -->
  </suite> <!-- Default suite -->
</testng-results>
