<?xml version="1.0" encoding="UTF-8"?>
<testng-results ignored="3" total="4" passed="1" failed="0" skipped="0">
  <reporter-output>
  </reporter-output>
  <suite started-at="2024-08-23T18:13:09 IST" name="Default suite" finished-at="2024-08-23T18:15:34 IST" duration-ms="144675">
    <groups>
    </groups>
    <test started-at="2024-08-23T18:13:09 IST" name="Default test" finished-at="2024-08-23T18:15:34 IST" duration-ms="144675">
      <class name="Runner_Sprint_38.Runner">
        <test-method is-config="true" signature="extentReportInitialization()[pri:0, instance:Runner_Sprint_38.Runner@6c1a5b54]" started-at="2024-08-23T18:13:09 IST" name="extentReportInitialization" finished-at="2024-08-23T18:13:10 IST" duration-ms="391" status="PASS">
          <reporter-output>
          </reporter-output>
        </test-method> <!-- extentReportInitialization -->
        <test-method is-config="true" signature="BrowserLaunch()[pri:0, instance:Runner_Sprint_38.Runner@6c1a5b54]" started-at="2024-08-23T18:13:10 IST" name="BrowserLaunch" finished-at="2024-08-23T18:13:14 IST" duration-ms="4019" status="PASS">
          <reporter-output>
          </reporter-output>
        </test-method> <!-- BrowserLaunch -->
        <test-method signature="EPICPLTFRM_1896()[pri:0, instance:Runner_Sprint_38.Runner@6c1a5b54]" started-at="2024-08-23T18:13:14 IST" name="EPICPLTFRM_1896" finished-at="2024-08-23T18:15:34 IST" duration-ms="140216" status="PASS">
          <reporter-output>
          </reporter-output>
        </test-method> <!-- EPICPLTFRM_1896 -->
      </class> <!-- Runner_Sprint_38.Runner -->
    </test> <!-- Default test -->
  </suite> <!-- Default suite -->
</testng-results>
